<?xml version="1.0" encoding="UTF-8"?>
<testng-results skipped="0" failed="0" ignored="0" total="1" passed="1">
  <reporter-output>
  </reporter-output>
  <suite name="Default suite" duration-ms="2471" started-at="2021-06-27T11:20:17 GMT" finished-at="2021-06-27T11:20:20 GMT">
    <groups>
    </groups>
    <test name="Default test" duration-ms="2471" started-at="2021-06-27T11:20:17 GMT" finished-at="2021-06-27T11:20:20 GMT">
      <class name="apiTestExamples.GetCallTest">
        <test-method status="PASS" signature="ListofusersTest()[pri:0, instance:apiTestExamples.GetCallTest@1c7f96b1]" name="ListofusersTest" duration-ms="2423" started-at="2021-06-27T11:20:17 GMT" finished-at="2021-06-27T11:20:20 GMT">
          <reporter-output>
          </reporter-output>
        </test-method> <!-- ListofusersTest -->
      </class> <!-- apiTestExamples.GetCallTest -->
    </test> <!-- Default test -->
  </suite> <!-- Default suite -->
</testng-results>
